{"D:\\Workspaces\\vscode\\Thesis\\ImplementationFrontend\\src\\admin\\services\\userService.ts": {"path":"D:\\Workspaces\\vscode\\Thesis\\ImplementationFrontend\\src\\admin\\services\\userService.ts","statementMap":{"0":{"start":{"line":3,"column":24},"end":{"line":7,"column":2}},"1":{"start":{"line":9,"column":13},"end":{"line":59,"column":2}},"2":{"start":{"line":11,"column":4},"end":{"line":15,"column":7}},"3":{"start":{"line":12,"column":6},"end":{"line":14,"column":14}},"4":{"start":{"line":13,"column":8},"end":{"line":13,"column":27}},"5":{"start":{"line":19,"column":4},"end":{"line":23,"column":7}},"6":{"start":{"line":20,"column":6},"end":{"line":22,"column":14}},"7":{"start":{"line":21,"column":8},"end":{"line":21,"column":56}},"8":{"start":{"line":21,"column":39},"end":{"line":21,"column":53}},"9":{"start":{"line":27,"column":4},"end":{"line":33,"column":7}},"10":{"start":{"line":28,"column":6},"end":{"line":32,"column":14}},"11":{"start":{"line":29,"column":24},"end":{"line":29,"column":69}},"12":{"start":{"line":30,"column":8},"end":{"line":30,"column":32}},"13":{"start":{"line":31,"column":8},"end":{"line":31,"column":25}},"14":{"start":{"line":37,"column":4},"end":{"line":47,"column":7}},"15":{"start":{"line":38,"column":6},"end":{"line":46,"column":14}},"16":{"start":{"line":39,"column":22},"end":{"line":39,"column":64}},"17":{"start":{"line":39,"column":47},"end":{"line":39,"column":63}},"18":{"start":{"line":40,"column":8},"end":{"line":45,"column":9}},"19":{"start":{"line":41,"column":10},"end":{"line":41,"column":34}},"20":{"start":{"line":42,"column":10},"end":{"line":42,"column":24}},"21":{"start":{"line":44,"column":10},"end":{"line":44,"column":25}},"22":{"start":{"line":51,"column":4},"end":{"line":57,"column":7}},"23":{"start":{"line":52,"column":6},"end":{"line":56,"column":14}},"24":{"start":{"line":53,"column":30},"end":{"line":53,"column":46}},"25":{"start":{"line":54,"column":8},"end":{"line":54,"column":61}},"26":{"start":{"line":54,"column":45},"end":{"line":54,"column":59}},"27":{"start":{"line":55,"column":8},"end":{"line":55,"column":50}}},"fnMap":{"0":{"name":"(anonymous_0)","decl":{"start":{"line":10,"column":15},"end":{"line":10,"column":20}},"loc":{"start":{"line":10,"column":43},"end":{"line":16,"column":3}}},"1":{"name":"(anonymous_1)","decl":{"start":{"line":11,"column":23},"end":{"line":11,"column":24}},"loc":{"start":{"line":11,"column":35},"end":{"line":15,"column":5}}},"2":{"name":"(anonymous_2)","decl":{"start":{"line":12,"column":17},"end":{"line":12,"column":20}},"loc":{"start":{"line":12,"column":22},"end":{"line":14,"column":7}}},"3":{"name":"(anonymous_3)","decl":{"start":{"line":18,"column":15},"end":{"line":18,"column":20}},"loc":{"start":{"line":18,"column":63},"end":{"line":24,"column":3}}},"4":{"name":"(anonymous_4)","decl":{"start":{"line":19,"column":23},"end":{"line":19,"column":24}},"loc":{"start":{"line":19,"column":35},"end":{"line":23,"column":5}}},"5":{"name":"(anonymous_5)","decl":{"start":{"line":20,"column":17},"end":{"line":20,"column":20}},"loc":{"start":{"line":20,"column":22},"end":{"line":22,"column":7}}},"6":{"name":"(anonymous_6)","decl":{"start":{"line":21,"column":31},"end":{"line":21,"column":35}},"loc":{"start":{"line":21,"column":39},"end":{"line":21,"column":53}}},"7":{"name":"(anonymous_7)","decl":{"start":{"line":26,"column":11},"end":{"line":26,"column":16}},"loc":{"start":{"line":26,"column":59},"end":{"line":34,"column":3}}},"8":{"name":"(anonymous_8)","decl":{"start":{"line":27,"column":23},"end":{"line":27,"column":24}},"loc":{"start":{"line":27,"column":35},"end":{"line":33,"column":5}}},"9":{"name":"(anonymous_9)","decl":{"start":{"line":28,"column":17},"end":{"line":28,"column":20}},"loc":{"start":{"line":28,"column":22},"end":{"line":32,"column":7}}},"10":{"name":"(anonymous_10)","decl":{"start":{"line":36,"column":14},"end":{"line":36,"column":19}},"loc":{"start":{"line":36,"column":53},"end":{"line":48,"column":3}}},"11":{"name":"(anonymous_11)","decl":{"start":{"line":37,"column":23},"end":{"line":37,"column":24}},"loc":{"start":{"line":37,"column":35},"end":{"line":47,"column":5}}},"12":{"name":"(anonymous_12)","decl":{"start":{"line":38,"column":17},"end":{"line":38,"column":20}},"loc":{"start":{"line":38,"column":22},"end":{"line":46,"column":7}}},"13":{"name":"(anonymous_13)","decl":{"start":{"line":39,"column":42},"end":{"line":39,"column":43}},"loc":{"start":{"line":39,"column":47},"end":{"line":39,"column":63}}},"14":{"name":"(anonymous_14)","decl":{"start":{"line":50,"column":14},"end":{"line":50,"column":19}},"loc":{"start":{"line":50,"column":53},"end":{"line":58,"column":3}}},"15":{"name":"(anonymous_15)","decl":{"start":{"line":51,"column":23},"end":{"line":51,"column":24}},"loc":{"start":{"line":51,"column":35},"end":{"line":57,"column":5}}},"16":{"name":"(anonymous_16)","decl":{"start":{"line":52,"column":17},"end":{"line":52,"column":20}},"loc":{"start":{"line":52,"column":22},"end":{"line":56,"column":7}}},"17":{"name":"(anonymous_17)","decl":{"start":{"line":54,"column":37},"end":{"line":54,"column":41}},"loc":{"start":{"line":54,"column":45},"end":{"line":54,"column":59}}}},"branchMap":{"0":{"loc":{"start":{"line":40,"column":8},"end":{"line":45,"column":9}},"type":"if","locations":[{"start":{"line":40,"column":8},"end":{"line":45,"column":9}},{"start":{"line":43,"column":15},"end":{"line":45,"column":9}}]}},"s":{"0":1,"1":1,"2":1,"3":1,"4":1,"5":2,"6":2,"7":2,"8":4,"9":1,"10":1,"11":1,"12":1,"13":1,"14":2,"15":2,"16":2,"17":5,"18":2,"19":1,"20":1,"21":1,"22":2,"23":2,"24":2,"25":2,"26":7,"27":2},"f":{"0":1,"1":1,"2":1,"3":2,"4":2,"5":2,"6":4,"7":1,"8":1,"9":1,"10":2,"11":2,"12":2,"13":5,"14":2,"15":2,"16":2,"17":7},"b":{"0":[1,1]}}
,"D:\\Workspaces\\vscode\\Thesis\\ImplementationFrontend\\src\\auth\\pages\\LoginPage.tsx": {"path":"D:\\Workspaces\\vscode\\Thesis\\ImplementationFrontend\\src\\auth\\pages\\LoginPage.tsx","statementMap":{"0":{"start":{"line":1,"column":0},"end":{"line":1,"column":40}},"1":{"start":{"line":2,"column":0},"end":{"line":2,"column":47}},"2":{"start":{"line":3,"column":0},"end":{"line":3,"column":50}},"3":{"start":{"line":4,"column":0},"end":{"line":4,"column":41}},"4":{"start":{"line":6,"column":28},"end":{"line":66,"column":1}},"5":{"start":{"line":7,"column":28},"end":{"line":7,"column":40}},"6":{"start":{"line":8,"column":34},"end":{"line":8,"column":46}},"7":{"start":{"line":9,"column":19},"end":{"line":9,"column":32}},"8":{"start":{"line":10,"column":20},"end":{"line":10,"column":29}},"9":{"start":{"line":12,"column":23},"end":{"line":22,"column":3}},"10":{"start":{"line":13,"column":4},"end":{"line":13,"column":23}},"11":{"start":{"line":14,"column":4},"end":{"line":21,"column":5}},"12":{"start":{"line":15,"column":23},"end":{"line":15,"column":67}},"13":{"start":{"line":16,"column":6},"end":{"line":16,"column":43}},"14":{"start":{"line":17,"column":6},"end":{"line":17,"column":20}},"15":{"start":{"line":19,"column":6},"end":{"line":19,"column":44}},"16":{"start":{"line":20,"column":6},"end":{"line":20,"column":27}},"17":{"start":{"line":24,"column":2},"end":{"line":65,"column":4}},"18":{"start":{"line":38,"column":33},"end":{"line":38,"column":57}},"19":{"start":{"line":49,"column":33},"end":{"line":49,"column":60}},"20":{"start":{"line":68,"column":0},"end":{"line":68,"column":25}}},"fnMap":{"0":{"name":"(anonymous_10)","decl":{"start":{"line":6,"column":28},"end":{"line":6,"column":31}},"loc":{"start":{"line":6,"column":33},"end":{"line":66,"column":1}}},"1":{"name":"(anonymous_11)","decl":{"start":{"line":12,"column":23},"end":{"line":12,"column":28}},"loc":{"start":{"line":12,"column":52},"end":{"line":22,"column":3}}},"2":{"name":"(anonymous_12)","decl":{"start":{"line":38,"column":26},"end":{"line":38,"column":27}},"loc":{"start":{"line":38,"column":33},"end":{"line":38,"column":57}}},"3":{"name":"(anonymous_13)","decl":{"start":{"line":49,"column":26},"end":{"line":49,"column":27}},"loc":{"start":{"line":49,"column":33},"end":{"line":49,"column":60}}}},"branchMap":{},"s":{"0":1,"1":1,"2":1,"3":1,"4":1,"5":7,"6":7,"7":7,"8":7,"9":7,"10":2,"11":2,"12":2,"13":1,"14":1,"15":1,"16":1,"17":7,"18":2,"19":2,"20":1},"f":{"0":7,"1":2,"2":2,"3":2},"b":{}}
,"D:\\Workspaces\\vscode\\Thesis\\ImplementationFrontend\\src\\auth\\pages\\RegisterPage.tsx": {"path":"D:\\Workspaces\\vscode\\Thesis\\ImplementationFrontend\\src\\auth\\pages\\RegisterPage.tsx","statementMap":{"0":{"start":{"line":1,"column":0},"end":{"line":1,"column":40}},"1":{"start":{"line":2,"column":0},"end":{"line":2,"column":47}},"2":{"start":{"line":3,"column":0},"end":{"line":3,"column":50}},"3":{"start":{"line":4,"column":0},"end":{"line":4,"column":41}},"4":{"start":{"line":5,"column":0},"end":{"line":5,"column":34}},"5":{"start":{"line":7,"column":31},"end":{"line":88,"column":1}},"6":{"start":{"line":8,"column":28},"end":{"line":8,"column":40}},"7":{"start":{"line":9,"column":34},"end":{"line":9,"column":46}},"8":{"start":{"line":10,"column":48},"end":{"line":10,"column":60}},"9":{"start":{"line":11,"column":19},"end":{"line":11,"column":32}},"10":{"start":{"line":12,"column":20},"end":{"line":12,"column":29}},"11":{"start":{"line":14,"column":24},"end":{"line":16,"column":3}},"12":{"start":{"line":15,"column":4},"end":{"line":15,"column":37}},"13":{"start":{"line":18,"column":23},"end":{"line":33,"column":3}},"14":{"start":{"line":19,"column":4},"end":{"line":19,"column":23}},"15":{"start":{"line":20,"column":4},"end":{"line":23,"column":5}},"16":{"start":{"line":21,"column":6},"end":{"line":21,"column":39}},"17":{"start":{"line":22,"column":6},"end":{"line":22,"column":13}},"18":{"start":{"line":24,"column":4},"end":{"line":32,"column":5}},"19":{"start":{"line":25,"column":29},"end":{"line":25,"column":49}},"20":{"start":{"line":26,"column":23},"end":{"line":26,"column":86}},"21":{"start":{"line":27,"column":6},"end":{"line":27,"column":43}},"22":{"start":{"line":28,"column":6},"end":{"line":28,"column":20}},"23":{"start":{"line":30,"column":6},"end":{"line":30,"column":51}},"24":{"start":{"line":31,"column":6},"end":{"line":31,"column":27}},"25":{"start":{"line":35,"column":2},"end":{"line":87,"column":4}},"26":{"start":{"line":49,"column":33},"end":{"line":49,"column":72}},"27":{"start":{"line":60,"column":33},"end":{"line":60,"column":60}},"28":{"start":{"line":71,"column":33},"end":{"line":71,"column":67}},"29":{"start":{"line":90,"column":0},"end":{"line":90,"column":28}}},"fnMap":{"0":{"name":"(anonymous_10)","decl":{"start":{"line":7,"column":31},"end":{"line":7,"column":34}},"loc":{"start":{"line":7,"column":36},"end":{"line":88,"column":1}}},"1":{"name":"(anonymous_11)","decl":{"start":{"line":14,"column":24},"end":{"line":14,"column":25}},"loc":{"start":{"line":14,"column":42},"end":{"line":16,"column":3}}},"2":{"name":"(anonymous_12)","decl":{"start":{"line":18,"column":23},"end":{"line":18,"column":28}},"loc":{"start":{"line":18,"column":52},"end":{"line":33,"column":3}}},"3":{"name":"(anonymous_13)","decl":{"start":{"line":49,"column":26},"end":{"line":49,"column":27}},"loc":{"start":{"line":49,"column":33},"end":{"line":49,"column":72}}},"4":{"name":"(anonymous_14)","decl":{"start":{"line":60,"column":26},"end":{"line":60,"column":27}},"loc":{"start":{"line":60,"column":33},"end":{"line":60,"column":60}}},"5":{"name":"(anonymous_15)","decl":{"start":{"line":71,"column":26},"end":{"line":71,"column":27}},"loc":{"start":{"line":71,"column":33},"end":{"line":71,"column":67}}}},"branchMap":{"0":{"loc":{"start":{"line":20,"column":4},"end":{"line":23,"column":5}},"type":"if","locations":[{"start":{"line":20,"column":4},"end":{"line":23,"column":5}},{"start":{},"end":{}}]}},"s":{"0":1,"1":1,"2":1,"3":1,"4":1,"5":1,"6":13,"7":13,"8":13,"9":13,"10":13,"11":13,"12":5,"13":13,"14":3,"15":3,"16":1,"17":1,"18":2,"19":2,"20":2,"21":1,"22":1,"23":1,"24":1,"25":13,"26":3,"27":3,"28":3,"29":1},"f":{"0":13,"1":5,"2":3,"3":3,"4":3,"5":3},"b":{"0":[1,2]}}
,"D:\\Workspaces\\vscode\\Thesis\\ImplementationFrontend\\src\\auth\\services\\authService.ts": {"path":"D:\\Workspaces\\vscode\\Thesis\\ImplementationFrontend\\src\\auth\\services\\authService.ts","statementMap":{"0":{"start":{"line":11,"column":21},"end":{"line":11,"column":53}},"1":{"start":{"line":13,"column":20},"end":{"line":70,"column":2}},"2":{"start":{"line":15,"column":21},"end":{"line":21,"column":6}},"3":{"start":{"line":23,"column":4},"end":{"line":26,"column":5}},"4":{"start":{"line":24,"column":24},"end":{"line":24,"column":45}},"5":{"start":{"line":25,"column":6},"end":{"line":25,"column":59}},"6":{"start":{"line":28,"column":31},"end":{"line":28,"column":52}},"7":{"start":{"line":29,"column":4},"end":{"line":29,"column":50}},"8":{"start":{"line":30,"column":4},"end":{"line":30,"column":48}},"9":{"start":{"line":31,"column":4},"end":{"line":31,"column":16}},"10":{"start":{"line":35,"column":21},"end":{"line":41,"column":6}},"11":{"start":{"line":43,"column":4},"end":{"line":46,"column":5}},"12":{"start":{"line":44,"column":24},"end":{"line":44,"column":45}},"13":{"start":{"line":45,"column":6},"end":{"line":45,"column":66}},"14":{"start":{"line":48,"column":31},"end":{"line":48,"column":52}},"15":{"start":{"line":49,"column":4},"end":{"line":49,"column":50}},"16":{"start":{"line":50,"column":4},"end":{"line":50,"column":48}},"17":{"start":{"line":51,"column":4},"end":{"line":51,"column":16}},"18":{"start":{"line":55,"column":4},"end":{"line":55,"column":41}},"19":{"start":{"line":56,"column":4},"end":{"line":56,"column":40}},"20":{"start":{"line":60,"column":4},"end":{"line":60,"column":45}},"21":{"start":{"line":64,"column":4},"end":{"line":64,"column":44}},"22":{"start":{"line":68,"column":4},"end":{"line":68,"column":85}},"23":{"start":{"line":72,"column":0},"end":{"line":72,"column":27}}},"fnMap":{"0":{"name":"(anonymous_0)","decl":{"start":{"line":14,"column":9},"end":{"line":14,"column":14}},"loc":{"start":{"line":14,"column":71},"end":{"line":32,"column":3}}},"1":{"name":"(anonymous_1)","decl":{"start":{"line":34,"column":12},"end":{"line":34,"column":17}},"loc":{"start":{"line":34,"column":74},"end":{"line":52,"column":3}}},"2":{"name":"(anonymous_2)","decl":{"start":{"line":54,"column":10},"end":{"line":54,"column":13}},"loc":{"start":{"line":54,"column":15},"end":{"line":57,"column":3}}},"3":{"name":"(anonymous_3)","decl":{"start":{"line":59,"column":12},"end":{"line":59,"column":30}},"loc":{"start":{"line":59,"column":32},"end":{"line":61,"column":3}}},"4":{"name":"(anonymous_4)","decl":{"start":{"line":63,"column":15},"end":{"line":63,"column":33}},"loc":{"start":{"line":63,"column":35},"end":{"line":65,"column":3}}},"5":{"name":"(anonymous_5)","decl":{"start":{"line":67,"column":19},"end":{"line":67,"column":31}},"loc":{"start":{"line":67,"column":33},"end":{"line":69,"column":3}}}},"branchMap":{"0":{"loc":{"start":{"line":23,"column":4},"end":{"line":26,"column":5}},"type":"if","locations":[{"start":{"line":23,"column":4},"end":{"line":26,"column":5}},{"start":{},"end":{}}]},"1":{"loc":{"start":{"line":25,"column":22},"end":{"line":25,"column":57}},"type":"binary-expr","locations":[{"start":{"line":25,"column":22},"end":{"line":25,"column":39}},{"start":{"line":25,"column":43},"end":{"line":25,"column":57}}]},"2":{"loc":{"start":{"line":43,"column":4},"end":{"line":46,"column":5}},"type":"if","locations":[{"start":{"line":43,"column":4},"end":{"line":46,"column":5}},{"start":{},"end":{}}]},"3":{"loc":{"start":{"line":45,"column":22},"end":{"line":45,"column":64}},"type":"binary-expr","locations":[{"start":{"line":45,"column":22},"end":{"line":45,"column":39}},{"start":{"line":45,"column":43},"end":{"line":45,"column":64}}]},"4":{"loc":{"start":{"line":68,"column":11},"end":{"line":68,"column":84}},"type":"binary-expr","locations":[{"start":{"line":68,"column":11},"end":{"line":68,"column":46}},{"start":{"line":68,"column":50},"end":{"line":68,"column":84}}]}},"s":{"0":1,"1":1,"2":3,"3":3,"4":2,"5":2,"6":1,"7":1,"8":1,"9":1,"10":3,"11":3,"12":2,"13":2,"14":1,"15":1,"16":1,"17":1,"18":1,"19":1,"20":2,"21":2,"22":4,"23":1},"f":{"0":3,"1":3,"2":1,"3":2,"4":2,"5":4},"b":{"0":[2,1],"1":[2,1],"2":[2,1],"3":[2,1],"4":[4,2]}}
,"D:\\Workspaces\\vscode\\Thesis\\ImplementationFrontend\\src\\pages\\HomePage.tsx": {"path":"D:\\Workspaces\\vscode\\Thesis\\ImplementationFrontend\\src\\pages\\HomePage.tsx","statementMap":{"0":{"start":{"line":1,"column":0},"end":{"line":1,"column":26}},"1":{"start":{"line":2,"column":0},"end":{"line":2,"column":47}},"2":{"start":{"line":3,"column":0},"end":{"line":3,"column":76}},"3":{"start":{"line":4,"column":0},"end":{"line":4,"column":55}},"4":{"start":{"line":6,"column":27},"end":{"line":25,"column":1}},"5":{"start":{"line":7,"column":19},"end":{"line":7,"column":32}},"6":{"start":{"line":9,"column":23},"end":{"line":12,"column":3}},"7":{"start":{"line":10,"column":4},"end":{"line":10,"column":25}},"8":{"start":{"line":11,"column":4},"end":{"line":11,"column":23}},"9":{"start":{"line":14,"column":2},"end":{"line":24,"column":4}},"10":{"start":{"line":27,"column":0},"end":{"line":27,"column":24}}},"fnMap":{"0":{"name":"(anonymous_1)","decl":{"start":{"line":6,"column":27},"end":{"line":6,"column":30}},"loc":{"start":{"line":6,"column":32},"end":{"line":25,"column":1}}},"1":{"name":"(anonymous_2)","decl":{"start":{"line":9,"column":23},"end":{"line":9,"column":26}},"loc":{"start":{"line":9,"column":28},"end":{"line":12,"column":3}}}},"branchMap":{},"s":{"0":1,"1":1,"2":1,"3":1,"4":1,"5":2,"6":2,"7":1,"8":1,"9":2,"10":1},"f":{"0":2,"1":1},"b":{}}
}
