{"D:\\Workspaces\\vscode\\Thesis\\ImplementationFrontend\\src\\tracking-evaluation\\pages\\ProgressReportPage.tsx": {"path":"D:\\Workspaces\\vscode\\Thesis\\ImplementationFrontend\\src\\tracking-evaluation\\pages\\ProgressReportPage.tsx","statementMap":{"0":{"start":{"line":1,"column":0},"end":{"line":1,"column":51}},"1":{"start":{"line":3,"column":37},"end":{"line":99,"column":1}},"2":{"start":{"line":4,"column":44},"end":{"line":4,"column":56}},"3":{"start":{"line":5,"column":42},"end":{"line":5,"column":56}},"4":{"start":{"line":6,"column":24},"end":{"line":6,"column":38}},"5":{"start":{"line":7,"column":32},"end":{"line":7,"column":44}},"6":{"start":{"line":8,"column":50},"end":{"line":8,"column":64}},"7":{"start":{"line":9,"column":46},"end":{"line":9,"column":60}},"8":{"start":{"line":10,"column":48},"end":{"line":10,"column":61}},"9":{"start":{"line":11,"column":44},"end":{"line":11,"column":57}},"10":{"start":{"line":12,"column":42},"end":{"line":12,"column":55}},"11":{"start":{"line":13,"column":38},"end":{"line":13,"column":51}},"12":{"start":{"line":14,"column":40},"end":{"line":14,"column":52}},"13":{"start":{"line":15,"column":36},"end":{"line":15,"column":48}},"14":{"start":{"line":16,"column":30},"end":{"line":17,"column":null}},"15":{"start":{"line":21,"column":2},"end":{"line":24,"column":9}},"16":{"start":{"line":26,"column":28},"end":{"line":30,"column":3}},"17":{"start":{"line":27,"column":4},"end":{"line":27,"column":37}},"18":{"start":{"line":29,"column":4},"end":{"line":29,"column":44}},"19":{"start":{"line":32,"column":2},"end":{"line":98,"column":4}},"20":{"start":{"line":101,"column":0},"end":{"line":101,"column":34}}},"fnMap":{"0":{"name":"(anonymous_9)","decl":{"start":{"line":3,"column":37},"end":{"line":3,"column":40}},"loc":{"start":{"line":3,"column":42},"end":{"line":99,"column":1}}},"1":{"name":"(anonymous_10)","decl":{"start":{"line":21,"column":12},"end":{"line":21,"column":15}},"loc":{"start":{"line":21,"column":17},"end":{"line":24,"column":3}}},"2":{"name":"(anonymous_11)","decl":{"start":{"line":26,"column":28},"end":{"line":26,"column":31}},"loc":{"start":{"line":26,"column":33},"end":{"line":30,"column":3}}}},"branchMap":{},"s":{"0":1,"1":1,"2":2,"3":2,"4":2,"5":2,"6":2,"7":2,"8":2,"9":2,"10":2,"11":2,"12":2,"13":2,"14":2,"15":2,"16":2,"17":1,"18":1,"19":2,"20":1},"f":{"0":2,"1":2,"2":1},"b":{}}
}
