TN:
SF:src\admin\services\userService.ts
FN:10,(anonymous_0)
FN:11,(anonymous_1)
FN:12,(anonymous_2)
FN:18,(anonymous_3)
FN:19,(anonymous_4)
FN:20,(anonymous_5)
FN:21,(anonymous_6)
FN:26,(anonymous_7)
FN:27,(anonymous_8)
FN:28,(anonymous_9)
FN:36,(anonymous_10)
FN:37,(anonymous_11)
FN:38,(anonymous_12)
FN:39,(anonymous_13)
FN:50,(anonymous_14)
FN:51,(anonymous_15)
FN:52,(anonymous_16)
FN:54,(anonymous_17)
FNF:18
FNH:18
FNDA:1,(anonymous_0)
FNDA:1,(anonymous_1)
FNDA:1,(anonymous_2)
FNDA:2,(anonymous_3)
FNDA:2,(anonymous_4)
FNDA:2,(anonymous_5)
FNDA:4,(anonymous_6)
FNDA:1,(anonymous_7)
FNDA:1,(anonymous_8)
FNDA:1,(anonymous_9)
FNDA:2,(anonymous_10)
FNDA:2,(anonymous_11)
FNDA:2,(anonymous_12)
FNDA:5,(anonymous_13)
FNDA:2,(anonymous_14)
FNDA:2,(anonymous_15)
FNDA:2,(anonymous_16)
FNDA:7,(anonymous_17)
DA:3,1
DA:9,1
DA:11,1
DA:12,1
DA:13,1
DA:19,2
DA:20,2
DA:21,4
DA:27,1
DA:28,1
DA:29,1
DA:30,1
DA:31,1
DA:37,2
DA:38,2
DA:39,5
DA:40,2
DA:41,1
DA:42,1
DA:44,1
DA:51,2
DA:52,2
DA:53,2
DA:54,7
DA:55,2
LF:25
LH:25
BRDA:40,0,0,1
BRDA:40,0,1,1
BRF:2
BRH:2
end_of_record
TN:
SF:src\auth\pages\LoginPage.tsx
FN:6,(anonymous_10)
FN:12,(anonymous_11)
FN:38,(anonymous_12)
FN:49,(anonymous_13)
FNF:4
FNH:4
FNDA:7,(anonymous_10)
FNDA:2,(anonymous_11)
FNDA:2,(anonymous_12)
FNDA:2,(anonymous_13)
DA:1,1
DA:2,1
DA:3,1
DA:4,1
DA:6,1
DA:7,7
DA:8,7
DA:9,7
DA:10,7
DA:12,7
DA:13,2
DA:14,2
DA:15,2
DA:16,1
DA:17,1
DA:19,1
DA:20,1
DA:24,7
DA:38,2
DA:49,2
DA:68,1
LF:21
LH:21
BRF:0
BRH:0
end_of_record
TN:
SF:src\auth\pages\RegisterPage.tsx
FN:7,(anonymous_10)
FN:14,(anonymous_11)
FN:18,(anonymous_12)
FN:49,(anonymous_13)
FN:60,(anonymous_14)
FN:71,(anonymous_15)
FNF:6
FNH:6
FNDA:13,(anonymous_10)
FNDA:5,(anonymous_11)
FNDA:3,(anonymous_12)
FNDA:3,(anonymous_13)
FNDA:3,(anonymous_14)
FNDA:3,(anonymous_15)
DA:1,1
DA:2,1
DA:3,1
DA:4,1
DA:5,1
DA:7,1
DA:8,13
DA:9,13
DA:10,13
DA:11,13
DA:12,13
DA:14,13
DA:15,5
DA:18,13
DA:19,3
DA:20,3
DA:21,1
DA:22,1
DA:24,2
DA:25,2
DA:26,2
DA:27,1
DA:28,1
DA:30,1
DA:31,1
DA:35,13
DA:49,3
DA:60,3
DA:71,3
DA:90,1
LF:30
LH:30
BRDA:20,0,0,1
BRDA:20,0,1,2
BRF:2
BRH:2
end_of_record
TN:
SF:src\auth\services\authService.ts
FN:14,(anonymous_0)
FN:34,(anonymous_1)
FN:54,(anonymous_2)
FN:59,(anonymous_3)
FN:63,(anonymous_4)
FN:67,(anonymous_5)
FNF:6
FNH:6
FNDA:3,(anonymous_0)
FNDA:3,(anonymous_1)
FNDA:1,(anonymous_2)
FNDA:2,(anonymous_3)
FNDA:2,(anonymous_4)
FNDA:4,(anonymous_5)
DA:11,1
DA:13,1
DA:15,3
DA:23,3
DA:24,2
DA:25,2
DA:28,1
DA:29,1
DA:30,1
DA:31,1
DA:35,3
DA:43,3
DA:44,2
DA:45,2
DA:48,1
DA:49,1
DA:50,1
DA:51,1
DA:55,1
DA:56,1
DA:60,2
DA:64,2
DA:68,4
DA:72,1
LF:24
LH:24
BRDA:23,0,0,2
BRDA:23,0,1,1
BRDA:25,1,0,2
BRDA:25,1,1,1
BRDA:43,2,0,2
BRDA:43,2,1,1
BRDA:45,3,0,2
BRDA:45,3,1,1
BRDA:68,4,0,4
BRDA:68,4,1,2
BRF:10
BRH:10
end_of_record
TN:
SF:src\pages\HomePage.tsx
FN:6,(anonymous_1)
FN:9,(anonymous_2)
FNF:2
FNH:2
FNDA:2,(anonymous_1)
FNDA:1,(anonymous_2)
DA:1,1
DA:2,1
DA:3,1
DA:4,1
DA:6,1
DA:7,2
DA:9,2
DA:10,1
DA:11,1
DA:14,2
DA:27,1
LF:11
LH:11
BRF:0
BRH:0
end_of_record
